# JRE version: Java(TM) SE Runtime Environment 18.9 (11.0.10+8) (build 11.0.10+8-LTS-162)
# Java VM: Java HotSpot(TM) 64-Bit Server VM 18.9 (11.0.10+8-LTS-162, mixed mode, tiered, compressed oops, g1 gc, windows-amd64)
Heap:
 garbage-first heap   total 311296K, used 106441K [0x00000000c3400000, 0x0000000100000000)
  region size 1024K, 3 young (3072K), 3 survivors (3072K)
 Metaspace       used 73541K, capacity 75485K, committed 75648K, reserved 1114112K
  class space    used 9882K, capacity 10616K, committed 10624K, reserved 1048576K
GC Heap History (10 events):
Event: 34.442 GC heap after
{Heap after GC invocations=42 (full 0):
 garbage-first heap   total 110592K, used 94736K [0x00000000c3400000, 0x0000000100000000)
  region size 1024K, 1 young (1024K), 1 survivors (1024K)
 Metaspace       used 73461K, capacity 75412K, committed 75648K, reserved 1114112K
  class space    used 9872K, capacity 10613K, committed 10624K, reserved 1048576K
}
Event: 34.458 GC heap before
{Heap before GC invocations=43 (full 0):
 garbage-first heap   total 110592K, used 98832K [0x00000000c3400000, 0x0000000100000000)
  region size 1024K, 5 young (5120K), 1 survivors (1024K)
 Metaspace       used 73461K, capacity 75412K, committed 75648K, reserved 1114112K
  class space    used 9872K, capacity 10613K, committed 10624K, reserved 1048576K
}
Event: 34.469 GC heap after
{Heap after GC invocations=44 (full 0):
 garbage-first heap   total 155648K, used 96913K [0x00000000c3400000, 0x0000000100000000)
  region size 1024K, 1 young (1024K), 1 survivors (1024K)
 Metaspace       used 73461K, capacity 75412K, committed 75648K, reserved 1114112K
  class space    used 9872K, capacity 10613K, committed 10624K, reserved 1048576K
}
Event: 34.589 GC heap before
{Heap before GC invocations=44 (full 0):
 garbage-first heap   total 155648K, used 102033K [0x00000000c3400000, 0x0000000100000000)
  region size 1024K, 7 young (7168K), 1 survivors (1024K)
 Metaspace       used 73538K, capacity 75485K, committed 75648K, reserved 1114112K
  class space    used 9882K, capacity 10616K, committed 10624K, reserved 1048576K
}
Event: 34.595 GC heap after
{Heap after GC invocations=45 (full 0):
 garbage-first heap   total 155648K, used 97734K [0x00000000c3400000, 0x0000000100000000)
  region size 1024K, 2 young (2048K), 2 survivors (2048K)
 Metaspace       used 73538K, capacity 75485K, committed 75648K, reserved 1114112K
  class space    used 9882K, capacity 10616K, committed 10624K, reserved 1048576K
}
Event: 34.692 GC heap before
{Heap before GC invocations=45 (full 0):
 garbage-first heap   total 155648K, used 113094K [0x00000000c3400000, 0x0000000100000000)
  region size 1024K, 17 young (17408K), 2 survivors (2048K)
 Metaspace       used 73538K, capacity 75485K, committed 75648K, reserved 1114112K
  class space    used 9882K, capacity 10616K, committed 10624K, reserved 1048576K
}
Event: 34.703 GC heap after
{Heap after GC invocations=46 (full 0):
 garbage-first heap   total 155648K, used 100788K [0x00000000c3400000, 0x0000000100000000)
  region size 1024K, 3 young (3072K), 3 survivors (3072K)
 Metaspace       used 73538K, capacity 75485K, committed 75648K, reserved 1114112K
  class space    used 9882K, capacity 10616K, committed 10624K, reserved 1048576K
}
Event: 34.796 GC heap before
{Heap before GC invocations=46 (full 0):
 garbage-first heap   total 155648K, used 115124K [0x00000000c3400000, 0x0000000100000000)
  region size 1024K, 18 young (18432K), 3 survivors (3072K)
 Metaspace       used 73538K, capacity 75485K, committed 75648K, reserved 1114112K
  class space    used 9882K, capacity 10616K, committed 10624K, reserved 1048576K
}
Event: 34.807 GC heap after
{Heap after GC invocations=47 (full 0):
 garbage-first heap   total 155648K, used 104154K [0x00000000c3400000, 0x0000000100000000)
  region size 1024K, 3 young (3072K), 3 survivors (3072K)
 Metaspace       used 73538K, capacity 75485K, committed 75648K, reserved 1114112K
  class space    used 9882K, capacity 10616K, committed 10624K, reserved 1048576K
}
Event: 34.920 GC heap before
{Heap before GC invocations=47 (full 0):
 garbage-first heap   total 155648K, used 117466K [0x00000000c3400000, 0x0000000100000000)
  region size 1024K, 18 young (18432K), 3 survivors (3072K)
 Metaspace       used 73541K, capacity 75485K, committed 75648K, reserved 1114112K
  class space    used 9882K, capacity 10616K, committed 10624K, reserved 1048576K
}

