# JRE version: Java(TM) SE Runtime Environment 18.9 (11.0.10+8) (build 11.0.10+8-LTS-162)
# Java VM: Java HotSpot(TM) 64-Bit Server VM 18.9 (11.0.10+8-LTS-162, mixed mode, tiered, compressed oops, g1 gc, windows-amd64)
Heap:
 garbage-first heap   total 266240K, used 102728K [0x00000000c3400000, 0x0000000100000000)
  region size 1024K, 2 young (2048K), 2 survivors (2048K)
 Metaspace       used 73478K, capacity 75421K, committed 75648K, reserved 1114112K
  class space    used 9878K, capacity 10616K, committed 10624K, reserved 1048576K
GC Heap History (10 events):
Event: 43.501 GC heap after
{Heap after GC invocations=50 (full 0):
 garbage-first heap   total 110592K, used 79101K [0x00000000c3400000, 0x0000000100000000)
  region size 1024K, 2 young (2048K), 2 survivors (2048K)
 Metaspace       used 73363K, capacity 75284K, committed 75392K, reserved 1114112K
  class space    used 9865K, capacity 10613K, committed 10624K, reserved 1048576K
}
Event: 43.629 GC heap before
{Heap before GC invocations=50 (full 0):
 garbage-first heap   total 110592K, used 90365K [0x00000000c3400000, 0x0000000100000000)
  region size 1024K, 13 young (13312K), 2 survivors (2048K)
 Metaspace       used 73387K, capacity 75348K, committed 75392K, reserved 1114112K
  class space    used 9868K, capacity 10613K, committed 10624K, reserved 1048576K
}
Event: 43.645 GC heap after
{Heap after GC invocations=51 (full 0):
 garbage-first heap   total 133120K, used 83071K [0x00000000c3400000, 0x0000000100000000)
  region size 1024K, 2 young (2048K), 2 survivors (2048K)
 Metaspace       used 73387K, capacity 75348K, committed 75392K, reserved 1114112K
  class space    used 9868K, capacity 10613K, committed 10624K, reserved 1048576K
}
Event: 43.781 GC heap before
{Heap before GC invocations=52 (full 0):
 garbage-first heap   total 133120K, used 99455K [0x00000000c3400000, 0x0000000100000000)
  region size 1024K, 18 young (18432K), 2 survivors (2048K)
 Metaspace       used 73394K, capacity 75348K, committed 75392K, reserved 1114112K
  class space    used 9868K, capacity 10613K, committed 10624K, reserved 1048576K
}
Event: 43.811 GC heap after
{Heap after GC invocations=53 (full 0):
 garbage-first heap   total 133120K, used 91814K [0x00000000c3400000, 0x0000000100000000)
  region size 1024K, 3 young (3072K), 3 survivors (3072K)
 Metaspace       used 73394K, capacity 75348K, committed 75392K, reserved 1114112K
  class space    used 9868K, capacity 10613K, committed 10624K, reserved 1048576K
}
Event: 44.085 GC heap before
{Heap before GC invocations=53 (full 0):
 garbage-first heap   total 133120K, used 105126K [0x00000000c3400000, 0x0000000100000000)
  region size 1024K, 16 young (16384K), 3 survivors (3072K)
 Metaspace       used 73478K, capacity 75421K, committed 75648K, reserved 1114112K
  class space    used 9878K, capacity 10616K, committed 10624K, reserved 1048576K
}
Event: 44.108 GC heap after
{Heap after GC invocations=54 (full 0):
 garbage-first heap   total 133120K, used 97208K [0x00000000c3400000, 0x0000000100000000)
  region size 1024K, 2 young (2048K), 2 survivors (2048K)
 Metaspace       used 73478K, capacity 75421K, committed 75648K, reserved 1114112K
  class space    used 9878K, capacity 10616K, committed 10624K, reserved 1048576K
}
Event: 44.307 GC heap before
{Heap before GC invocations=54 (full 0):
 garbage-first heap   total 133120K, used 108472K [0x00000000c3400000, 0x0000000100000000)
  region size 1024K, 13 young (13312K), 2 survivors (2048K)
 Metaspace       used 73478K, capacity 75421K, committed 75648K, reserved 1114112K
  class space    used 9878K, capacity 10616K, committed 10624K, reserved 1048576K
}
Event: 44.317 GC heap after
{Heap after GC invocations=55 (full 0):
 garbage-first heap   total 133120K, used 101376K [0x00000000c3400000, 0x0000000100000000)
  region size 1024K, 2 young (2048K), 2 survivors (2048K)
 Metaspace       used 73478K, capacity 75421K, committed 75648K, reserved 1114112K
  class space    used 9878K, capacity 10616K, committed 10624K, reserved 1048576K
}
Event: 44.474 GC heap before
{Heap before GC invocations=55 (full 0):
 garbage-first heap   total 133120K, used 109568K [0x00000000c3400000, 0x0000000100000000)
  region size 1024K, 11 young (11264K), 2 survivors (2048K)
 Metaspace       used 73478K, capacity 75421K, committed 75648K, reserved 1114112K
  class space    used 9878K, capacity 10616K, committed 10624K, reserved 1048576K
}

